<?xml version="1.0"?>
<!--
  Copyright (c) 2000, 2020, Oracle and/or its affiliates.

  Licensed under the Universal Permissive License v 1.0 as shown at
  http://oss.oracle.com/licenses/upl.
-->
<cache-config xmlns="http://schemas.tangosol.com/cache">
  <caching-scheme-mapping>
    <cache-mapping>
      <cache-name>dist-extend-direct</cache-name>
      <scheme-name>extend-direct</scheme-name>
    </cache-mapping>
  </caching-scheme-mapping>
  <caching-schemes>
    <remote-cache-scheme>
      <scheme-name>extend-direct</scheme-name>
      <service-name>ExtendTcpCacheService</service-name>
      <initiator-config>
        <tcp-initiator>
          <local-address>
            <address>127.0.0.1</address>
            <port>0</port>
          </local-address>

          <remote-addresses>
            <socket-address>
              <address>10.0.0.120</address>
              <port>32000</port>
            </socket-address>
          </remote-addresses>
        </tcp-initiator>

        <outgoing-message-handler>
          <heartbeat-interval>1s</heartbeat-interval>
          <heartbeat-timeout>10s</heartbeat-timeout>
          <request-timeout>30s</request-timeout>
        </outgoing-message-handler>

        <!--
        <filters>
          <filter>
            <class-name>com.tangosol.net.CompressionFilter</class-name>
            <init-params>
              <init-param>
                <param-name>strategy</param-name>
                <param-value>gzip</param-value>
              </init-param>
              <init-param>
                <param-name>level</param-name>
                <param-value>default</param-value>
              </init-param>
            </init-params>
          </filter>
        </filters>
        -->

        <!--
        <message-codec>
          <class-name>com.tangosol.tests.net.messaging.SimpleCodec</class-name>
          <init-params/>
        </message-codec>
        -->

        <serializer>
          <class-name>Tangosol.IO.Pof.ConfigurablePofContext, Coherence.Core</class-name>
          <init-params>
            <init-param>
              <param-type>string</param-type>
              <param-value>extend-pof-config.xml</param-value>
            </init-param>
          </init-params>
        </serializer>

        <connect-timeout>5s</connect-timeout>
      </initiator-config>
    </remote-cache-scheme>
  </caching-schemes>
</cache-config>